\BOOKMARK [1][-]{section.1}{实验目的}{}% 1
\BOOKMARK [1][-]{section.2}{实验要求}{}% 2
\BOOKMARK [1][-]{section.3}{实验内容}{}% 3
\BOOKMARK [2][-]{subsection.3.1}{获取计算机硬件系统的控制权}{section.3}% 4
\BOOKMARK [2][-]{subsection.3.2}{控制用户程序的执行}{section.3}% 5
\BOOKMARK [1][-]{section.4}{实验原理}{}% 6
\BOOKMARK [2][-]{subsection.4.1}{BIOS调用}{section.4}% 7
\BOOKMARK [2][-]{subsection.4.2}{BIOS中断例程}{section.4}% 8
\BOOKMARK [1][-]{section.5}{实验过程}{}% 9
\BOOKMARK [2][-]{subsection.5.1}{用户程序设计}{section.5}% 10
\BOOKMARK [2][-]{subsection.5.2}{引导程序设计}{section.5}% 11
\BOOKMARK [2][-]{subsection.5.3}{监控程序设计}{section.5}% 12
\BOOKMARK [2][-]{subsection.5.4}{用户程序的修改}{section.5}% 13
\BOOKMARK [2][-]{subsection.5.5}{镜像文件生成}{section.5}% 14
\BOOKMARK [1][-]{section.6}{程序使用说明}{}% 15
\BOOKMARK [2][-]{subsection.6.1}{实验环境}{section.6}% 16
\BOOKMARK [2][-]{subsection.6.2}{编译方法}{section.6}% 17
\BOOKMARK [2][-]{subsection.6.3}{运行与演示}{section.6}% 18
\BOOKMARK [1][-]{section.7}{总结与讨论}{}% 19
\BOOKMARK [2][-]{subsection.7.1}{特色,不足与改进}{section.7}% 20
\BOOKMARK [2][-]{subsection.7.2}{收获}{section.7}% 21
\BOOKMARK [2][-]{subsection.7.3}{感想}{section.7}% 22
\BOOKMARK [1][-]{section.8}{附录：BIOS中断向量表}{}% 23
