\BOOKMARK [1][-]{section.1}{实验目的}{}% 1
\BOOKMARK [1][-]{section.2}{实验要求}{}% 2
\BOOKMARK [1][-]{section.3}{实验内容}{}% 3
\BOOKMARK [2][-]{subsection.3.1}{分析C程序编译获得的符号列表文档}{section.3}% 4
\BOOKMARK [2][-]{subsection.3.2}{汇编和c程序混合编程}{section.3}% 5
\BOOKMARK [2][-]{subsection.3.3}{扩展内核程序}{section.3}% 6
\BOOKMARK [1][-]{section.4}{实验原理}{}% 7
\BOOKMARK [2][-]{subsection.4.1}{实模式和保护模式}{section.4}% 8
\BOOKMARK [2][-]{subsection.4.2}{函数调用约定}{section.4}% 9
\BOOKMARK [2][-]{subsection.4.3}{保护模式的运行模式反转}{section.4}% 10
\BOOKMARK [2][-]{subsection.4.4}{混合注意事项}{section.4}% 11
\BOOKMARK [1][-]{section.5}{实验过程}{}% 12
\BOOKMARK [2][-]{subsection.5.1}{混合编程}{section.5}% 13
\BOOKMARK [2][-]{subsection.5.2}{修改引导程序}{section.5}% 14
\BOOKMARK [2][-]{subsection.5.3}{设计库过程}{section.5}% 15
\BOOKMARK [2][-]{subsection.5.4}{监控程序修改}{section.5}% 16
\BOOKMARK [2][-]{subsection.5.5}{设计用户程序的加载方式}{section.5}% 17
\BOOKMARK [2][-]{subsection.5.6}{修改用户程序}{section.5}% 18
\BOOKMARK [2][-]{subsection.5.7}{软盘扇区安排}{section.5}% 19
\BOOKMARK [2][-]{subsection.5.8}{镜像文件生成}{section.5}% 20
\BOOKMARK [1][-]{section.6}{程序使用说明}{}% 21
\BOOKMARK [2][-]{subsection.6.1}{实验环境}{section.6}% 22
\BOOKMARK [2][-]{subsection.6.2}{编译方法}{section.6}% 23
\BOOKMARK [2][-]{subsection.6.3}{运行与演示}{section.6}% 24
\BOOKMARK [1][-]{section.7}{总结与讨论}{}% 25
\BOOKMARK [2][-]{subsection.7.1}{特色,不足与改进}{section.7}% 26
\BOOKMARK [2][-]{subsection.7.2}{收获}{section.7}% 27
\BOOKMARK [2][-]{subsection.7.3}{感想}{section.7}% 28
\BOOKMARK [1][-]{section.8}{附录}{}% 29
